<?xml version="1.0" encoding="UTF-8"?>
<testng-results skipped="0" failed="0" ignored="0" total="1" passed="1">
  <reporter-output>
  </reporter-output>
  <suite name="SampleGIT" duration-ms="9855" started-at="2020-08-15T22:23:38 IST" finished-at="2020-08-15T22:23:48 IST">
    <groups>
    </groups>
    <test name="Test" duration-ms="9855" started-at="2020-08-15T22:23:38 IST" finished-at="2020-08-15T22:23:48 IST">
      <class name="SampleProg.SampleClass">
        <test-method status="PASS" signature="sampletest()[pri:0, instance:SampleProg.SampleClass@394e1a0f]" name="sampletest" duration-ms="9774" started-at="2020-08-15T22:23:38 IST" finished-at="2020-08-15T22:23:48 IST">
          <reporter-output>
          </reporter-output>
        </test-method> <!-- sampletest -->
      </class> <!-- SampleProg.SampleClass -->
    </test> <!-- Test -->
  </suite> <!-- SampleGIT -->
</testng-results>
